[2019-01-29T00:19:51,777][INFO ][o.e.c.m.MetaDataCreateIndexService] [node1] [news] creating index, cause [api], templates [], shards [5]/[1], mappings []
[2019-01-29T00:19:52,742][INFO ][o.e.c.r.a.AllocationService] [node1] Cluster health status changed from [YELLOW] to [GREEN] (reason: [shards started [[news][0]] ...]).
[2019-01-29T00:26:16,595][INFO ][o.e.c.m.MetaDataCreateIndexService] [node1] [customer] creating index, cause [api], templates [], shards [5]/[1], mappings []
[2019-01-29T00:26:17,239][INFO ][o.e.c.r.a.AllocationService] [node1] Cluster health status changed from [YELLOW] to [GREEN] (reason: [shards started [[customer][3]] ...]).
[2019-01-29T00:33:33,595][INFO ][o.e.c.m.MetaDataMappingService] [node1] [customer/hZYTS4F4Q9-WY86XNVzA-A] create_mapping [news]
[2019-01-29T00:35:59,017][INFO ][o.e.c.m.MetaDataMappingService] [node1] [customer/hZYTS4F4Q9-WY86XNVzA-A] update_mapping [news]
[2019-01-29T00:49:19,362][INFO ][o.e.c.s.MasterService    ] [node1] zen-disco-node-left({node3}{h2hIpXC_Tv2Ze80D7dUejw}{Kdh9FVLzTMC5-Yty7QqjlA}{127.0.0.1}{127.0.0.1:9302}{ml.machine_memory=17179869184, ml.max_open_jobs=20, xpack.installed=true, ml.enabled=true}), reason(left)[{node3}{h2hIpXC_Tv2Ze80D7dUejw}{Kdh9FVLzTMC5-Yty7QqjlA}{127.0.0.1}{127.0.0.1:9302}{ml.machine_memory=17179869184, ml.max_open_jobs=20, xpack.installed=true, ml.enabled=true} left], reason: removed {{node3}{h2hIpXC_Tv2Ze80D7dUejw}{Kdh9FVLzTMC5-Yty7QqjlA}{127.0.0.1}{127.0.0.1:9302}{ml.machine_memory=17179869184, ml.max_open_jobs=20, xpack.installed=true, ml.enabled=true},}
[2019-01-29T00:49:19,386][INFO ][o.e.c.s.ClusterApplierService] [node1] removed {{node3}{h2hIpXC_Tv2Ze80D7dUejw}{Kdh9FVLzTMC5-Yty7QqjlA}{127.0.0.1}{127.0.0.1:9302}{ml.machine_memory=17179869184, ml.max_open_jobs=20, xpack.installed=true, ml.enabled=true},}, reason: apply cluster state (from master [master {node1}{yLktuNUWRzOwUizM7se3hQ}{vAgZJeiyS4eiP55UsXMQLQ}{127.0.0.1}{127.0.0.1:9300}{ml.machine_memory=17179869184, xpack.installed=true, ml.max_open_jobs=20, ml.enabled=true} committed version [26] source [zen-disco-node-left({node3}{h2hIpXC_Tv2Ze80D7dUejw}{Kdh9FVLzTMC5-Yty7QqjlA}{127.0.0.1}{127.0.0.1:9302}{ml.machine_memory=17179869184, ml.max_open_jobs=20, xpack.installed=true, ml.enabled=true}), reason(left)[{node3}{h2hIpXC_Tv2Ze80D7dUejw}{Kdh9FVLzTMC5-Yty7QqjlA}{127.0.0.1}{127.0.0.1:9302}{ml.machine_memory=17179869184, ml.max_open_jobs=20, xpack.installed=true, ml.enabled=true} left]]])
[2019-01-29T00:49:19,405][INFO ][o.e.i.s.IndexShard       ] [node1] [customer][2] primary-replica resync completed with 0 operations
[2019-01-29T00:49:19,405][INFO ][o.e.i.s.IndexShard       ] [node1] [news][1] primary-replica resync completed with 0 operations
[2019-01-29T00:49:19,409][INFO ][o.e.c.r.DelayedAllocationService] [node1] scheduling reroute for delayed shards in [59.9s] (7 delayed shards)
[2019-01-29T00:49:21,547][INFO ][o.e.c.s.MasterService    ] [node1] zen-disco-node-left({node2}{kqbsky1KTLaGcXvmbSUYpg}{NUjaYOA7Q3GkCAyavWFvnw}{127.0.0.1}{127.0.0.1:9301}{ml.machine_memory=17179869184, ml.max_open_jobs=20, xpack.installed=true, ml.enabled=true}), reason(left)[{node2}{kqbsky1KTLaGcXvmbSUYpg}{NUjaYOA7Q3GkCAyavWFvnw}{127.0.0.1}{127.0.0.1:9301}{ml.machine_memory=17179869184, ml.max_open_jobs=20, xpack.installed=true, ml.enabled=true} left], reason: removed {{node2}{kqbsky1KTLaGcXvmbSUYpg}{NUjaYOA7Q3GkCAyavWFvnw}{127.0.0.1}{127.0.0.1:9301}{ml.machine_memory=17179869184, ml.max_open_jobs=20, xpack.installed=true, ml.enabled=true},}
[2019-01-29T00:49:21,560][INFO ][o.e.c.s.ClusterApplierService] [node1] removed {{node2}{kqbsky1KTLaGcXvmbSUYpg}{NUjaYOA7Q3GkCAyavWFvnw}{127.0.0.1}{127.0.0.1:9301}{ml.machine_memory=17179869184, ml.max_open_jobs=20, xpack.installed=true, ml.enabled=true},}, reason: apply cluster state (from master [master {node1}{yLktuNUWRzOwUizM7se3hQ}{vAgZJeiyS4eiP55UsXMQLQ}{127.0.0.1}{127.0.0.1:9300}{ml.machine_memory=17179869184, xpack.installed=true, ml.max_open_jobs=20, ml.enabled=true} committed version [27] source [zen-disco-node-left({node2}{kqbsky1KTLaGcXvmbSUYpg}{NUjaYOA7Q3GkCAyavWFvnw}{127.0.0.1}{127.0.0.1:9301}{ml.machine_memory=17179869184, ml.max_open_jobs=20, xpack.installed=true, ml.enabled=true}), reason(left)[{node2}{kqbsky1KTLaGcXvmbSUYpg}{NUjaYOA7Q3GkCAyavWFvnw}{127.0.0.1}{127.0.0.1:9301}{ml.machine_memory=17179869184, ml.max_open_jobs=20, xpack.installed=true, ml.enabled=true} left]]])
[2019-01-29T00:49:21,573][INFO ][o.e.i.s.IndexShard       ] [node1] [customer][1] primary-replica resync completed with 0 operations
[2019-01-29T00:49:22,801][INFO ][o.e.x.m.j.p.NativeController] [node1] Native controller process has stopped - no new native processes can be started
[2019-01-29T00:49:22,801][INFO ][o.e.n.Node               ] [node1] stopping ...
[2019-01-29T00:49:22,815][INFO ][o.e.x.w.WatcherService   ] [node1] stopping watch service, reason [shutdown initiated]
[2019-01-29T00:49:23,180][INFO ][o.e.n.Node               ] [node1] stopped
[2019-01-29T00:49:23,181][INFO ][o.e.n.Node               ] [node1] closing ...
[2019-01-29T00:49:23,189][INFO ][o.e.n.Node               ] [node1] closed
[2019-01-29T12:00:06,522][INFO ][o.e.e.NodeEnvironment    ] [node1] using [1] data paths, mounts [[/ (/dev/disk1s1)]], net usable_space [64.7gb], net total_space [233.5gb], types [apfs]
[2019-01-29T12:00:06,543][INFO ][o.e.e.NodeEnvironment    ] [node1] heap size [989.8mb], compressed ordinary object pointers [true]
[2019-01-29T12:00:06,589][INFO ][o.e.n.Node               ] [node1] node name [node1], node ID [yLktuNUWRzOwUizM7se3hQ]
[2019-01-29T12:00:06,589][INFO ][o.e.n.Node               ] [node1] version[6.5.4], pid[80904], build[default/tar/d2ef93d/2018-12-17T21:17:40.758843Z], OS[Mac OS X/10.13.6/x86_64], JVM[Oracle Corporation/Java HotSpot(TM) 64-Bit Server VM/1.8.0_161/25.161-b12]
[2019-01-29T12:00:06,589][INFO ][o.e.n.Node               ] [node1] JVM arguments [-Xms1g, -Xmx1g, -XX:+UseConcMarkSweepGC, -XX:CMSInitiatingOccupancyFraction=75, -XX:+UseCMSInitiatingOccupancyOnly, -XX:+AlwaysPreTouch, -Xss1m, -Djava.awt.headless=true, -Dfile.encoding=UTF-8, -Djna.nosys=true, -XX:-OmitStackTraceInFastThrow, -Dio.netty.noUnsafe=true, -Dio.netty.noKeySetOptimization=true, -Dio.netty.recycler.maxCapacityPerThread=0, -Dlog4j.shutdownHookEnabled=false, -Dlog4j2.disable.jmx=true, -Djava.io.tmpdir=/var/folders/7z/_n8z7gpd5_1dmylfy_sbc6m00000gn/T/elasticsearch.hMnzfP2L, -XX:+HeapDumpOnOutOfMemoryError, -XX:HeapDumpPath=data, -XX:ErrorFile=logs/hs_err_pid%p.log, -XX:+PrintGCDetails, -XX:+PrintGCDateStamps, -XX:+PrintTenuringDistribution, -XX:+PrintGCApplicationStoppedTime, -Xloggc:logs/gc.log, -XX:+UseGCLogFileRotation, -XX:NumberOfGCLogFiles=32, -XX:GCLogFileSize=64m, -Des.path.home=/Users/lee/Documents/GitHub/ElasticSearchProject/node1, -Des.path.conf=/Users/lee/Documents/GitHub/ElasticSearchProject/node1/config, -Des.distribution.flavor=default, -Des.distribution.type=tar]
[2019-01-29T12:00:09,545][INFO ][o.e.p.PluginsService     ] [node1] loaded module [aggs-matrix-stats]
[2019-01-29T12:00:09,546][INFO ][o.e.p.PluginsService     ] [node1] loaded module [analysis-common]
[2019-01-29T12:00:09,546][INFO ][o.e.p.PluginsService     ] [node1] loaded module [ingest-common]
[2019-01-29T12:00:09,546][INFO ][o.e.p.PluginsService     ] [node1] loaded module [lang-expression]
[2019-01-29T12:00:09,547][INFO ][o.e.p.PluginsService     ] [node1] loaded module [lang-mustache]
[2019-01-29T12:00:09,547][INFO ][o.e.p.PluginsService     ] [node1] loaded module [lang-painless]
[2019-01-29T12:00:09,547][INFO ][o.e.p.PluginsService     ] [node1] loaded module [mapper-extras]
[2019-01-29T12:00:09,547][INFO ][o.e.p.PluginsService     ] [node1] loaded module [parent-join]
[2019-01-29T12:00:09,548][INFO ][o.e.p.PluginsService     ] [node1] loaded module [percolator]
[2019-01-29T12:00:09,548][INFO ][o.e.p.PluginsService     ] [node1] loaded module [rank-eval]
[2019-01-29T12:00:09,548][INFO ][o.e.p.PluginsService     ] [node1] loaded module [reindex]
[2019-01-29T12:00:09,549][INFO ][o.e.p.PluginsService     ] [node1] loaded module [repository-url]
[2019-01-29T12:00:09,549][INFO ][o.e.p.PluginsService     ] [node1] loaded module [transport-netty4]
[2019-01-29T12:00:09,549][INFO ][o.e.p.PluginsService     ] [node1] loaded module [tribe]
[2019-01-29T12:00:09,549][INFO ][o.e.p.PluginsService     ] [node1] loaded module [x-pack-ccr]
[2019-01-29T12:00:09,550][INFO ][o.e.p.PluginsService     ] [node1] loaded module [x-pack-core]
[2019-01-29T12:00:09,550][INFO ][o.e.p.PluginsService     ] [node1] loaded module [x-pack-deprecation]
[2019-01-29T12:00:09,550][INFO ][o.e.p.PluginsService     ] [node1] loaded module [x-pack-graph]
[2019-01-29T12:00:09,550][INFO ][o.e.p.PluginsService     ] [node1] loaded module [x-pack-logstash]
[2019-01-29T12:00:09,551][INFO ][o.e.p.PluginsService     ] [node1] loaded module [x-pack-ml]
[2019-01-29T12:00:09,551][INFO ][o.e.p.PluginsService     ] [node1] loaded module [x-pack-monitoring]
[2019-01-29T12:00:09,551][INFO ][o.e.p.PluginsService     ] [node1] loaded module [x-pack-rollup]
[2019-01-29T12:00:09,551][INFO ][o.e.p.PluginsService     ] [node1] loaded module [x-pack-security]
[2019-01-29T12:00:09,551][INFO ][o.e.p.PluginsService     ] [node1] loaded module [x-pack-sql]
[2019-01-29T12:00:09,551][INFO ][o.e.p.PluginsService     ] [node1] loaded module [x-pack-upgrade]
[2019-01-29T12:00:09,551][INFO ][o.e.p.PluginsService     ] [node1] loaded module [x-pack-watcher]
[2019-01-29T12:00:09,552][INFO ][o.e.p.PluginsService     ] [node1] no plugins loaded
[2019-01-29T12:00:15,972][INFO ][o.e.x.s.a.s.FileRolesStore] [node1] parsed [0] roles from file [/Users/lee/Documents/GitHub/ElasticSearchProject/node1/config/roles.yml]
[2019-01-29T12:00:16,548][INFO ][o.e.x.m.j.p.l.CppLogMessageHandler] [node1] [controller/80929] [Main.cc@109] controller (64 bit): Version 6.5.4 (Build b616085ef32393) Copyright (c) 2018 Elasticsearch BV
[2019-01-29T12:00:17,409][DEBUG][o.e.a.ActionModule       ] [node1] Using REST wrapper from plugin org.elasticsearch.xpack.security.Security
[2019-01-29T12:00:17,901][INFO ][o.e.d.DiscoveryModule    ] [node1] using discovery type [zen] and host providers [settings]
[2019-01-29T12:00:18,862][INFO ][o.e.n.Node               ] [node1] initialized
[2019-01-29T12:00:18,862][INFO ][o.e.n.Node               ] [node1] starting ...
[2019-01-29T12:00:19,024][INFO ][o.e.t.TransportService   ] [node1] publish_address {127.0.0.1:9302}, bound_addresses {[::1]:9302}, {127.0.0.1:9302}
[2019-01-29T12:00:22,369][INFO ][o.e.c.s.ClusterApplierService] [node1] detected_master {node2}{kqbsky1KTLaGcXvmbSUYpg}{aeOiVO8zToyYXCFZAD3zmQ}{127.0.0.1}{127.0.0.1:9300}{ml.machine_memory=17179869184, ml.max_open_jobs=20, xpack.installed=true, ml.enabled=true}, added {{node2}{kqbsky1KTLaGcXvmbSUYpg}{aeOiVO8zToyYXCFZAD3zmQ}{127.0.0.1}{127.0.0.1:9300}{ml.machine_memory=17179869184, ml.max_open_jobs=20, xpack.installed=true, ml.enabled=true},{node3}{h2hIpXC_Tv2Ze80D7dUejw}{4VoC-kHIRm2u5tT7FF-wiA}{127.0.0.1}{127.0.0.1:9301}{ml.machine_memory=17179869184, ml.max_open_jobs=20, xpack.installed=true, ml.enabled=true},}, reason: apply cluster state (from master [master {node2}{kqbsky1KTLaGcXvmbSUYpg}{aeOiVO8zToyYXCFZAD3zmQ}{127.0.0.1}{127.0.0.1:9300}{ml.machine_memory=17179869184, ml.max_open_jobs=20, xpack.installed=true, ml.enabled=true} committed version [23]])
[2019-01-29T12:00:22,607][WARN ][o.e.x.s.a.s.m.NativeRoleMappingStore] [node1] Failed to clear cache for realms [[]]
[2019-01-29T12:00:22,609][INFO ][o.e.x.s.a.TokenService   ] [node1] refresh keys
[2019-01-29T12:00:22,914][INFO ][o.e.x.s.a.TokenService   ] [node1] refreshed keys
[2019-01-29T12:00:22,971][INFO ][o.e.l.LicenseService     ] [node1] license [01859a27-6fd5-47fb-a7a6-419a9d244d21] mode [basic] - valid
[2019-01-29T12:00:23,004][INFO ][o.e.x.s.t.n.SecurityNetty4HttpServerTransport] [node1] publish_address {127.0.0.1:9200}, bound_addresses {[::1]:9200}, {127.0.0.1:9200}
[2019-01-29T12:00:23,008][INFO ][o.e.n.Node               ] [node1] started
[2019-01-29T12:14:02,480][WARN ][r.suppressed             ] [node1] path: /customer/news/_bulk, params: {index=customer, type=news}
com.fasterxml.jackson.core.io.JsonEOFException: Unexpected end-of-input: expected close marker for Object (start marker at [Source: org.elasticsearch.transport.netty4.ByteBufStreamInput@69625033; line: 1, column: 1])
 at [Source: org.elasticsearch.transport.netty4.ByteBufStreamInput@69625033; line: 1, column: 3]
	at com.fasterxml.jackson.core.base.ParserMinimalBase._reportInvalidEOF(ParserMinimalBase.java:483) ~[jackson-core-2.8.11.jar:2.8.11]
	at com.fasterxml.jackson.core.base.ParserBase._handleEOF(ParserBase.java:535) ~[jackson-core-2.8.11.jar:2.8.11]
	at com.fasterxml.jackson.core.base.ParserBase._eofAsNextChar(ParserBase.java:547) ~[jackson-core-2.8.11.jar:2.8.11]
	at com.fasterxml.jackson.core.json.UTF8StreamJsonParser._skipWSOrEnd(UTF8StreamJsonParser.java:2931) ~[jackson-core-2.8.11.jar:2.8.11]
	at com.fasterxml.jackson.core.json.UTF8StreamJsonParser.nextToken(UTF8StreamJsonParser.java:731) ~[jackson-core-2.8.11.jar:2.8.11]
	at org.elasticsearch.common.xcontent.json.JsonXContentParser.nextToken(JsonXContentParser.java:53) ~[elasticsearch-x-content-6.5.4.jar:6.5.4]
	at org.elasticsearch.action.bulk.BulkRequest.add(BulkRequest.java:325) ~[elasticsearch-6.5.4.jar:6.5.4]
	at org.elasticsearch.rest.action.document.RestBulkAction.prepareRequest(RestBulkAction.java:94) ~[elasticsearch-6.5.4.jar:6.5.4]
	at org.elasticsearch.rest.BaseRestHandler.handleRequest(BaseRestHandler.java:80) ~[elasticsearch-6.5.4.jar:6.5.4]
	at org.elasticsearch.xpack.security.rest.SecurityRestFilter.handleRequest(SecurityRestFilter.java:72) ~[?:?]
	at org.elasticsearch.rest.RestController.dispatchRequest(RestController.java:239) [elasticsearch-6.5.4.jar:6.5.4]
	at org.elasticsearch.rest.RestController.tryAllHandlers(RestController.java:335) [elasticsearch-6.5.4.jar:6.5.4]
	at org.elasticsearch.rest.RestController.dispatchRequest(RestController.java:173) [elasticsearch-6.5.4.jar:6.5.4]
	at org.elasticsearch.http.netty4.Netty4HttpServerTransport.dispatchRequest(Netty4HttpServerTransport.java:545) [transport-netty4-client-6.5.4.jar:6.5.4]
	at org.elasticsearch.http.netty4.Netty4HttpRequestHandler.channelRead0(Netty4HttpRequestHandler.java:137) [transport-netty4-client-6.5.4.jar:6.5.4]
	at io.netty.channel.SimpleChannelInboundHandler.channelRead(SimpleChannelInboundHandler.java:105) [netty-transport-4.1.30.Final.jar:4.1.30.Final]
	at io.netty.channel.AbstractChannelHandlerContext.invokeChannelRead(AbstractChannelHandlerContext.java:362) [netty-transport-4.1.30.Final.jar:4.1.30.Final]
	at io.netty.channel.AbstractChannelHandlerContext.invokeChannelRead(AbstractChannelHandlerContext.java:348) [netty-transport-4.1.30.Final.jar:4.1.30.Final]
	at io.netty.channel.AbstractChannelHandlerContext.fireChannelRead(AbstractChannelHandlerContext.java:340) [netty-transport-4.1.30.Final.jar:4.1.30.Final]
	at org.elasticsearch.http.netty4.pipelining.HttpPipeliningHandler.channelRead(HttpPipeliningHandler.java:68) [transport-netty4-client-6.5.4.jar:6.5.4]
	at io.netty.channel.AbstractChannelHandlerContext.invokeChannelRead(AbstractChannelHandlerContext.java:362) [netty-transport-4.1.30.Final.jar:4.1.30.Final]
	at io.netty.channel.AbstractChannelHandlerContext.invokeChannelRead(AbstractChannelHandlerContext.java:348) [netty-transport-4.1.30.Final.jar:4.1.30.Final]
	at io.netty.channel.AbstractChannelHandlerContext.fireChannelRead(AbstractChannelHandlerContext.java:340) [netty-transport-4.1.30.Final.jar:4.1.30.Final]
	at io.netty.handler.codec.MessageToMessageDecoder.channelRead(MessageToMessageDecoder.java:102) [netty-codec-4.1.30.Final.jar:4.1.30.Final]
	at io.netty.handler.codec.MessageToMessageCodec.channelRead(MessageToMessageCodec.java:111) [netty-codec-4.1.30.Final.jar:4.1.30.Final]
	at io.netty.channel.AbstractChannelHandlerContext.invokeChannelRead(AbstractChannelHandlerContext.java:362) [netty-transport-4.1.30.Final.jar:4.1.30.Final]
	at io.netty.channel.AbstractChannelHandlerContext.invokeChannelRead(AbstractChannelHandlerContext.java:348) [netty-transport-4.1.30.Final.jar:4.1.30.Final]
	at io.netty.channel.AbstractChannelHandlerContext.fireChannelRead(AbstractChannelHandlerContext.java:340) [netty-transport-4.1.30.Final.jar:4.1.30.Final]
	at io.netty.handler.codec.MessageToMessageDecoder.channelRead(MessageToMessageDecoder.java:102) [netty-codec-4.1.30.Final.jar:4.1.30.Final]
	at io.netty.channel.AbstractChannelHandlerContext.invokeChannelRead(AbstractChannelHandlerContext.java:362) [netty-transport-4.1.30.Final.jar:4.1.30.Final]
	at io.netty.channel.AbstractChannelHandlerContext.invokeChannelRead(AbstractChannelHandlerContext.java:348) [netty-transport-4.1.30.Final.jar:4.1.30.Final]
	at io.netty.channel.AbstractChannelHandlerContext.fireChannelRead(AbstractChannelHandlerContext.java:340) [netty-transport-4.1.30.Final.jar:4.1.30.Final]
	at io.netty.handler.codec.MessageToMessageDecoder.channelRead(MessageToMessageDecoder.java:102) [netty-codec-4.1.30.Final.jar:4.1.30.Final]
	at io.netty.channel.AbstractChannelHandlerContext.invokeChannelRead(AbstractChannelHandlerContext.java:362) [netty-transport-4.1.30.Final.jar:4.1.30.Final]
	at io.netty.channel.AbstractChannelHandlerContext.invokeChannelRead(AbstractChannelHandlerContext.java:348) [netty-transport-4.1.30.Final.jar:4.1.30.Final]
	at io.netty.channel.AbstractChannelHandlerContext.fireChannelRead(AbstractChannelHandlerContext.java:340) [netty-transport-4.1.30.Final.jar:4.1.30.Final]
	at io.netty.handler.codec.ByteToMessageDecoder.fireChannelRead(ByteToMessageDecoder.java:323) [netty-codec-4.1.30.Final.jar:4.1.30.Final]
	at io.netty.handler.codec.ByteToMessageDecoder.channelRead(ByteToMessageDecoder.java:297) [netty-codec-4.1.30.Final.jar:4.1.30.Final]
	at io.netty.channel.AbstractChannelHandlerContext.invokeChannelRead(AbstractChannelHandlerContext.java:362) [netty-transport-4.1.30.Final.jar:4.1.30.Final]
	at io.netty.channel.AbstractChannelHandlerContext.invokeChannelRead(AbstractChannelHandlerContext.java:348) [netty-transport-4.1.30.Final.jar:4.1.30.Final]
	at io.netty.channel.AbstractChannelHandlerContext.fireChannelRead(AbstractChannelHandlerContext.java:340) [netty-transport-4.1.30.Final.jar:4.1.30.Final]
	at io.netty.handler.timeout.IdleStateHandler.channelRead(IdleStateHandler.java:286) [netty-handler-4.1.30.Final.jar:4.1.30.Final]
	at io.netty.channel.AbstractChannelHandlerContext.invokeChannelRead(AbstractChannelHandlerContext.java:362) [netty-transport-4.1.30.Final.jar:4.1.30.Final]
	at io.netty.channel.AbstractChannelHandlerContext.invokeChannelRead(AbstractChannelHandlerContext.java:348) [netty-transport-4.1.30.Final.jar:4.1.30.Final]
	at io.netty.channel.AbstractChannelHandlerContext.fireChannelRead(AbstractChannelHandlerContext.java:340) [netty-transport-4.1.30.Final.jar:4.1.30.Final]
	at io.netty.channel.ChannelInboundHandlerAdapter.channelRead(ChannelInboundHandlerAdapter.java:86) [netty-transport-4.1.30.Final.jar:4.1.30.Final]
	at io.netty.channel.AbstractChannelHandlerContext.invokeChannelRead(AbstractChannelHandlerContext.java:362) [netty-transport-4.1.30.Final.jar:4.1.30.Final]
	at io.netty.channel.AbstractChannelHandlerContext.invokeChannelRead(AbstractChannelHandlerContext.java:348) [netty-transport-4.1.30.Final.jar:4.1.30.Final]
	at io.netty.channel.AbstractChannelHandlerContext.fireChannelRead(AbstractChannelHandlerContext.java:340) [netty-transport-4.1.30.Final.jar:4.1.30.Final]
	at io.netty.channel.DefaultChannelPipeline$HeadContext.channelRead(DefaultChannelPipeline.java:1434) [netty-transport-4.1.30.Final.jar:4.1.30.Final]
	at io.netty.channel.AbstractChannelHandlerContext.invokeChannelRead(AbstractChannelHandlerContext.java:362) [netty-transport-4.1.30.Final.jar:4.1.30.Final]
	at io.netty.channel.AbstractChannelHandlerContext.invokeChannelRead(AbstractChannelHandlerContext.java:348) [netty-transport-4.1.30.Final.jar:4.1.30.Final]
	at io.netty.channel.DefaultChannelPipeline.fireChannelRead(DefaultChannelPipeline.java:965) [netty-transport-4.1.30.Final.jar:4.1.30.Final]
	at io.netty.channel.nio.AbstractNioByteChannel$NioByteUnsafe.read(AbstractNioByteChannel.java:163) [netty-transport-4.1.30.Final.jar:4.1.30.Final]
	at io.netty.channel.nio.NioEventLoop.processSelectedKey(NioEventLoop.java:644) [netty-transport-4.1.30.Final.jar:4.1.30.Final]
	at io.netty.channel.nio.NioEventLoop.processSelectedKeysPlain(NioEventLoop.java:544) [netty-transport-4.1.30.Final.jar:4.1.30.Final]
	at io.netty.channel.nio.NioEventLoop.processSelectedKeys(NioEventLoop.java:498) [netty-transport-4.1.30.Final.jar:4.1.30.Final]
	at io.netty.channel.nio.NioEventLoop.run(NioEventLoop.java:458) [netty-transport-4.1.30.Final.jar:4.1.30.Final]
	at io.netty.util.concurrent.SingleThreadEventExecutor$5.run(SingleThreadEventExecutor.java:897) [netty-common-4.1.30.Final.jar:4.1.30.Final]
	at java.lang.Thread.run(Thread.java:748) [?:1.8.0_161]
[2019-01-29T12:36:47,077][WARN ][r.suppressed             ] [node1] path: /customer/news/_bulk, params: {index=customer, type=news}
com.fasterxml.jackson.core.io.JsonEOFException: Unexpected end-of-input: expected close marker for Object (start marker at [Source: org.elasticsearch.transport.netty4.ByteBufStreamInput@6db1ff60; line: 1, column: 1])
 at [Source: org.elasticsearch.transport.netty4.ByteBufStreamInput@6db1ff60; line: 1, column: 5]
	at com.fasterxml.jackson.core.base.ParserMinimalBase._reportInvalidEOF(ParserMinimalBase.java:483) ~[jackson-core-2.8.11.jar:2.8.11]
	at com.fasterxml.jackson.core.base.ParserBase._handleEOF(ParserBase.java:535) ~[jackson-core-2.8.11.jar:2.8.11]
	at com.fasterxml.jackson.core.base.ParserBase._eofAsNextChar(ParserBase.java:547) ~[jackson-core-2.8.11.jar:2.8.11]
	at com.fasterxml.jackson.core.json.UTF8StreamJsonParser._skipWSOrEnd2(UTF8StreamJsonParser.java:3003) ~[jackson-core-2.8.11.jar:2.8.11]
	at com.fasterxml.jackson.core.json.UTF8StreamJsonParser._skipWSOrEnd(UTF8StreamJsonParser.java:2973) ~[jackson-core-2.8.11.jar:2.8.11]
	at com.fasterxml.jackson.core.json.UTF8StreamJsonParser.nextToken(UTF8StreamJsonParser.java:731) ~[jackson-core-2.8.11.jar:2.8.11]
	at org.elasticsearch.common.xcontent.json.JsonXContentParser.nextToken(JsonXContentParser.java:53) ~[elasticsearch-x-content-6.5.4.jar:6.5.4]
	at org.elasticsearch.action.bulk.BulkRequest.add(BulkRequest.java:325) ~[elasticsearch-6.5.4.jar:6.5.4]
	at org.elasticsearch.rest.action.document.RestBulkAction.prepareRequest(RestBulkAction.java:94) ~[elasticsearch-6.5.4.jar:6.5.4]
	at org.elasticsearch.rest.BaseRestHandler.handleRequest(BaseRestHandler.java:80) ~[elasticsearch-6.5.4.jar:6.5.4]
	at org.elasticsearch.xpack.security.rest.SecurityRestFilter.handleRequest(SecurityRestFilter.java:72) ~[?:?]
	at org.elasticsearch.rest.RestController.dispatchRequest(RestController.java:239) [elasticsearch-6.5.4.jar:6.5.4]
	at org.elasticsearch.rest.RestController.tryAllHandlers(RestController.java:335) [elasticsearch-6.5.4.jar:6.5.4]
	at org.elasticsearch.rest.RestController.dispatchRequest(RestController.java:173) [elasticsearch-6.5.4.jar:6.5.4]
	at org.elasticsearch.http.netty4.Netty4HttpServerTransport.dispatchRequest(Netty4HttpServerTransport.java:545) [transport-netty4-client-6.5.4.jar:6.5.4]
	at org.elasticsearch.http.netty4.Netty4HttpRequestHandler.channelRead0(Netty4HttpRequestHandler.java:137) [transport-netty4-client-6.5.4.jar:6.5.4]
	at io.netty.channel.SimpleChannelInboundHandler.channelRead(SimpleChannelInboundHandler.java:105) [netty-transport-4.1.30.Final.jar:4.1.30.Final]
	at io.netty.channel.AbstractChannelHandlerContext.invokeChannelRead(AbstractChannelHandlerContext.java:362) [netty-transport-4.1.30.Final.jar:4.1.30.Final]
	at io.netty.channel.AbstractChannelHandlerContext.invokeChannelRead(AbstractChannelHandlerContext.java:348) [netty-transport-4.1.30.Final.jar:4.1.30.Final]
	at io.netty.channel.AbstractChannelHandlerContext.fireChannelRead(AbstractChannelHandlerContext.java:340) [netty-transport-4.1.30.Final.jar:4.1.30.Final]
	at org.elasticsearch.http.netty4.pipelining.HttpPipeliningHandler.channelRead(HttpPipeliningHandler.java:68) [transport-netty4-client-6.5.4.jar:6.5.4]
	at io.netty.channel.AbstractChannelHandlerContext.invokeChannelRead(AbstractChannelHandlerContext.java:362) [netty-transport-4.1.30.Final.jar:4.1.30.Final]
	at io.netty.channel.AbstractChannelHandlerContext.invokeChannelRead(AbstractChannelHandlerContext.java:348) [netty-transport-4.1.30.Final.jar:4.1.30.Final]
	at io.netty.channel.AbstractChannelHandlerContext.fireChannelRead(AbstractChannelHandlerContext.java:340) [netty-transport-4.1.30.Final.jar:4.1.30.Final]
	at io.netty.handler.codec.MessageToMessageDecoder.channelRead(MessageToMessageDecoder.java:102) [netty-codec-4.1.30.Final.jar:4.1.30.Final]
	at io.netty.handler.codec.MessageToMessageCodec.channelRead(MessageToMessageCodec.java:111) [netty-codec-4.1.30.Final.jar:4.1.30.Final]
	at io.netty.channel.AbstractChannelHandlerContext.invokeChannelRead(AbstractChannelHandlerContext.java:362) [netty-transport-4.1.30.Final.jar:4.1.30.Final]
	at io.netty.channel.AbstractChannelHandlerContext.invokeChannelRead(AbstractChannelHandlerContext.java:348) [netty-transport-4.1.30.Final.jar:4.1.30.Final]
	at io.netty.channel.AbstractChannelHandlerContext.fireChannelRead(AbstractChannelHandlerContext.java:340) [netty-transport-4.1.30.Final.jar:4.1.30.Final]
	at io.netty.handler.codec.MessageToMessageDecoder.channelRead(MessageToMessageDecoder.java:102) [netty-codec-4.1.30.Final.jar:4.1.30.Final]
	at io.netty.channel.AbstractChannelHandlerContext.invokeChannelRead(AbstractChannelHandlerContext.java:362) [netty-transport-4.1.30.Final.jar:4.1.30.Final]
	at io.netty.channel.AbstractChannelHandlerContext.invokeChannelRead(AbstractChannelHandlerContext.java:348) [netty-transport-4.1.30.Final.jar:4.1.30.Final]
	at io.netty.channel.AbstractChannelHandlerContext.fireChannelRead(AbstractChannelHandlerContext.java:340) [netty-transport-4.1.30.Final.jar:4.1.30.Final]
	at io.netty.handler.codec.MessageToMessageDecoder.channelRead(MessageToMessageDecoder.java:102) [netty-codec-4.1.30.Final.jar:4.1.30.Final]
	at io.netty.channel.AbstractChannelHandlerContext.invokeChannelRead(AbstractChannelHandlerContext.java:362) [netty-transport-4.1.30.Final.jar:4.1.30.Final]
	at io.netty.channel.AbstractChannelHandlerContext.invokeChannelRead(AbstractChannelHandlerContext.java:348) [netty-transport-4.1.30.Final.jar:4.1.30.Final]
	at io.netty.channel.AbstractChannelHandlerContext.fireChannelRead(AbstractChannelHandlerContext.java:340) [netty-transport-4.1.30.Final.jar:4.1.30.Final]
	at io.netty.handler.codec.ByteToMessageDecoder.fireChannelRead(ByteToMessageDecoder.java:323) [netty-codec-4.1.30.Final.jar:4.1.30.Final]
	at io.netty.handler.codec.ByteToMessageDecoder.channelRead(ByteToMessageDecoder.java:297) [netty-codec-4.1.30.Final.jar:4.1.30.Final]
	at io.netty.channel.AbstractChannelHandlerContext.invokeChannelRead(AbstractChannelHandlerContext.java:362) [netty-transport-4.1.30.Final.jar:4.1.30.Final]
	at io.netty.channel.AbstractChannelHandlerContext.invokeChannelRead(AbstractChannelHandlerContext.java:348) [netty-transport-4.1.30.Final.jar:4.1.30.Final]
	at io.netty.channel.AbstractChannelHandlerContext.fireChannelRead(AbstractChannelHandlerContext.java:340) [netty-transport-4.1.30.Final.jar:4.1.30.Final]
	at io.netty.handler.timeout.IdleStateHandler.channelRead(IdleStateHandler.java:286) [netty-handler-4.1.30.Final.jar:4.1.30.Final]
	at io.netty.channel.AbstractChannelHandlerContext.invokeChannelRead(AbstractChannelHandlerContext.java:362) [netty-transport-4.1.30.Final.jar:4.1.30.Final]
	at io.netty.channel.AbstractChannelHandlerContext.invokeChannelRead(AbstractChannelHandlerContext.java:348) [netty-transport-4.1.30.Final.jar:4.1.30.Final]
	at io.netty.channel.AbstractChannelHandlerContext.fireChannelRead(AbstractChannelHandlerContext.java:340) [netty-transport-4.1.30.Final.jar:4.1.30.Final]
	at io.netty.channel.ChannelInboundHandlerAdapter.channelRead(ChannelInboundHandlerAdapter.java:86) [netty-transport-4.1.30.Final.jar:4.1.30.Final]
	at io.netty.channel.AbstractChannelHandlerContext.invokeChannelRead(AbstractChannelHandlerContext.java:362) [netty-transport-4.1.30.Final.jar:4.1.30.Final]
	at io.netty.channel.AbstractChannelHandlerContext.invokeChannelRead(AbstractChannelHandlerContext.java:348) [netty-transport-4.1.30.Final.jar:4.1.30.Final]
	at io.netty.channel.AbstractChannelHandlerContext.fireChannelRead(AbstractChannelHandlerContext.java:340) [netty-transport-4.1.30.Final.jar:4.1.30.Final]
	at io.netty.channel.DefaultChannelPipeline$HeadContext.channelRead(DefaultChannelPipeline.java:1434) [netty-transport-4.1.30.Final.jar:4.1.30.Final]
	at io.netty.channel.AbstractChannelHandlerContext.invokeChannelRead(AbstractChannelHandlerContext.java:362) [netty-transport-4.1.30.Final.jar:4.1.30.Final]
	at io.netty.channel.AbstractChannelHandlerContext.invokeChannelRead(AbstractChannelHandlerContext.java:348) [netty-transport-4.1.30.Final.jar:4.1.30.Final]
	at io.netty.channel.DefaultChannelPipeline.fireChannelRead(DefaultChannelPipeline.java:965) [netty-transport-4.1.30.Final.jar:4.1.30.Final]
	at io.netty.channel.nio.AbstractNioByteChannel$NioByteUnsafe.read(AbstractNioByteChannel.java:163) [netty-transport-4.1.30.Final.jar:4.1.30.Final]
	at io.netty.channel.nio.NioEventLoop.processSelectedKey(NioEventLoop.java:644) [netty-transport-4.1.30.Final.jar:4.1.30.Final]
	at io.netty.channel.nio.NioEventLoop.processSelectedKeysPlain(NioEventLoop.java:544) [netty-transport-4.1.30.Final.jar:4.1.30.Final]
	at io.netty.channel.nio.NioEventLoop.processSelectedKeys(NioEventLoop.java:498) [netty-transport-4.1.30.Final.jar:4.1.30.Final]
	at io.netty.channel.nio.NioEventLoop.run(NioEventLoop.java:458) [netty-transport-4.1.30.Final.jar:4.1.30.Final]
	at io.netty.util.concurrent.SingleThreadEventExecutor$5.run(SingleThreadEventExecutor.java:897) [netty-common-4.1.30.Final.jar:4.1.30.Final]
	at java.lang.Thread.run(Thread.java:748) [?:1.8.0_161]
[2019-01-29T12:42:52,253][WARN ][r.suppressed             ] [node1] path: /customer/news/_bulk, params: {index=customer, type=news}
com.fasterxml.jackson.core.io.JsonEOFException: Unexpected end-of-input: expected close marker for Object (start marker at [Source: org.elasticsearch.transport.netty4.ByteBufStreamInput@3249b060; line: 1, column: 1])
 at [Source: org.elasticsearch.transport.netty4.ByteBufStreamInput@3249b060; line: 1, column: 5]
	at com.fasterxml.jackson.core.base.ParserMinimalBase._reportInvalidEOF(ParserMinimalBase.java:483) ~[jackson-core-2.8.11.jar:2.8.11]
	at com.fasterxml.jackson.core.base.ParserBase._handleEOF(ParserBase.java:535) ~[jackson-core-2.8.11.jar:2.8.11]
	at com.fasterxml.jackson.core.base.ParserBase._eofAsNextChar(ParserBase.java:547) ~[jackson-core-2.8.11.jar:2.8.11]
	at com.fasterxml.jackson.core.json.UTF8StreamJsonParser._skipWSOrEnd2(UTF8StreamJsonParser.java:3003) ~[jackson-core-2.8.11.jar:2.8.11]
	at com.fasterxml.jackson.core.json.UTF8StreamJsonParser._skipWSOrEnd(UTF8StreamJsonParser.java:2973) ~[jackson-core-2.8.11.jar:2.8.11]
	at com.fasterxml.jackson.core.json.UTF8StreamJsonParser.nextToken(UTF8StreamJsonParser.java:731) ~[jackson-core-2.8.11.jar:2.8.11]
	at org.elasticsearch.common.xcontent.json.JsonXContentParser.nextToken(JsonXContentParser.java:53) ~[elasticsearch-x-content-6.5.4.jar:6.5.4]
	at org.elasticsearch.action.bulk.BulkRequest.add(BulkRequest.java:325) ~[elasticsearch-6.5.4.jar:6.5.4]
	at org.elasticsearch.rest.action.document.RestBulkAction.prepareRequest(RestBulkAction.java:94) ~[elasticsearch-6.5.4.jar:6.5.4]
	at org.elasticsearch.rest.BaseRestHandler.handleRequest(BaseRestHandler.java:80) ~[elasticsearch-6.5.4.jar:6.5.4]
	at org.elasticsearch.xpack.security.rest.SecurityRestFilter.handleRequest(SecurityRestFilter.java:72) ~[?:?]
	at org.elasticsearch.rest.RestController.dispatchRequest(RestController.java:239) [elasticsearch-6.5.4.jar:6.5.4]
	at org.elasticsearch.rest.RestController.tryAllHandlers(RestController.java:335) [elasticsearch-6.5.4.jar:6.5.4]
	at org.elasticsearch.rest.RestController.dispatchRequest(RestController.java:173) [elasticsearch-6.5.4.jar:6.5.4]
	at org.elasticsearch.http.netty4.Netty4HttpServerTransport.dispatchRequest(Netty4HttpServerTransport.java:545) [transport-netty4-client-6.5.4.jar:6.5.4]
	at org.elasticsearch.http.netty4.Netty4HttpRequestHandler.channelRead0(Netty4HttpRequestHandler.java:137) [transport-netty4-client-6.5.4.jar:6.5.4]
	at io.netty.channel.SimpleChannelInboundHandler.channelRead(SimpleChannelInboundHandler.java:105) [netty-transport-4.1.30.Final.jar:4.1.30.Final]
	at io.netty.channel.AbstractChannelHandlerContext.invokeChannelRead(AbstractChannelHandlerContext.java:362) [netty-transport-4.1.30.Final.jar:4.1.30.Final]
	at io.netty.channel.AbstractChannelHandlerContext.invokeChannelRead(AbstractChannelHandlerContext.java:348) [netty-transport-4.1.30.Final.jar:4.1.30.Final]
	at io.netty.channel.AbstractChannelHandlerContext.fireChannelRead(AbstractChannelHandlerContext.java:340) [netty-transport-4.1.30.Final.jar:4.1.30.Final]
	at org.elasticsearch.http.netty4.pipelining.HttpPipeliningHandler.channelRead(HttpPipeliningHandler.java:68) [transport-netty4-client-6.5.4.jar:6.5.4]
	at io.netty.channel.AbstractChannelHandlerContext.invokeChannelRead(AbstractChannelHandlerContext.java:362) [netty-transport-4.1.30.Final.jar:4.1.30.Final]
	at io.netty.channel.AbstractChannelHandlerContext.invokeChannelRead(AbstractChannelHandlerContext.java:348) [netty-transport-4.1.30.Final.jar:4.1.30.Final]
	at io.netty.channel.AbstractChannelHandlerContext.fireChannelRead(AbstractChannelHandlerContext.java:340) [netty-transport-4.1.30.Final.jar:4.1.30.Final]
	at io.netty.handler.codec.MessageToMessageDecoder.channelRead(MessageToMessageDecoder.java:102) [netty-codec-4.1.30.Final.jar:4.1.30.Final]
	at io.netty.handler.codec.MessageToMessageCodec.channelRead(MessageToMessageCodec.java:111) [netty-codec-4.1.30.Final.jar:4.1.30.Final]
	at io.netty.channel.AbstractChannelHandlerContext.invokeChannelRead(AbstractChannelHandlerContext.java:362) [netty-transport-4.1.30.Final.jar:4.1.30.Final]
	at io.netty.channel.AbstractChannelHandlerContext.invokeChannelRead(AbstractChannelHandlerContext.java:348) [netty-transport-4.1.30.Final.jar:4.1.30.Final]
	at io.netty.channel.AbstractChannelHandlerContext.fireChannelRead(AbstractChannelHandlerContext.java:340) [netty-transport-4.1.30.Final.jar:4.1.30.Final]
	at io.netty.handler.codec.MessageToMessageDecoder.channelRead(MessageToMessageDecoder.java:102) [netty-codec-4.1.30.Final.jar:4.1.30.Final]
	at io.netty.channel.AbstractChannelHandlerContext.invokeChannelRead(AbstractChannelHandlerContext.java:362) [netty-transport-4.1.30.Final.jar:4.1.30.Final]
	at io.netty.channel.AbstractChannelHandlerContext.invokeChannelRead(AbstractChannelHandlerContext.java:348) [netty-transport-4.1.30.Final.jar:4.1.30.Final]
	at io.netty.channel.AbstractChannelHandlerContext.fireChannelRead(AbstractChannelHandlerContext.java:340) [netty-transport-4.1.30.Final.jar:4.1.30.Final]
	at io.netty.handler.codec.MessageToMessageDecoder.channelRead(MessageToMessageDecoder.java:102) [netty-codec-4.1.30.Final.jar:4.1.30.Final]
	at io.netty.channel.AbstractChannelHandlerContext.invokeChannelRead(AbstractChannelHandlerContext.java:362) [netty-transport-4.1.30.Final.jar:4.1.30.Final]
	at io.netty.channel.AbstractChannelHandlerContext.invokeChannelRead(AbstractChannelHandlerContext.java:348) [netty-transport-4.1.30.Final.jar:4.1.30.Final]
	at io.netty.channel.AbstractChannelHandlerContext.fireChannelRead(AbstractChannelHandlerContext.java:340) [netty-transport-4.1.30.Final.jar:4.1.30.Final]
	at io.netty.handler.codec.ByteToMessageDecoder.fireChannelRead(ByteToMessageDecoder.java:323) [netty-codec-4.1.30.Final.jar:4.1.30.Final]
	at io.netty.handler.codec.ByteToMessageDecoder.channelRead(ByteToMessageDecoder.java:297) [netty-codec-4.1.30.Final.jar:4.1.30.Final]
	at io.netty.channel.AbstractChannelHandlerContext.invokeChannelRead(AbstractChannelHandlerContext.java:362) [netty-transport-4.1.30.Final.jar:4.1.30.Final]
	at io.netty.channel.AbstractChannelHandlerContext.invokeChannelRead(AbstractChannelHandlerContext.java:348) [netty-transport-4.1.30.Final.jar:4.1.30.Final]
	at io.netty.channel.AbstractChannelHandlerContext.fireChannelRead(AbstractChannelHandlerContext.java:340) [netty-transport-4.1.30.Final.jar:4.1.30.Final]
	at io.netty.handler.timeout.IdleStateHandler.channelRead(IdleStateHandler.java:286) [netty-handler-4.1.30.Final.jar:4.1.30.Final]
	at io.netty.channel.AbstractChannelHandlerContext.invokeChannelRead(AbstractChannelHandlerContext.java:362) [netty-transport-4.1.30.Final.jar:4.1.30.Final]
	at io.netty.channel.AbstractChannelHandlerContext.invokeChannelRead(AbstractChannelHandlerContext.java:348) [netty-transport-4.1.30.Final.jar:4.1.30.Final]
	at io.netty.channel.AbstractChannelHandlerContext.fireChannelRead(AbstractChannelHandlerContext.java:340) [netty-transport-4.1.30.Final.jar:4.1.30.Final]
	at io.netty.channel.ChannelInboundHandlerAdapter.channelRead(ChannelInboundHandlerAdapter.java:86) [netty-transport-4.1.30.Final.jar:4.1.30.Final]
	at io.netty.channel.AbstractChannelHandlerContext.invokeChannelRead(AbstractChannelHandlerContext.java:362) [netty-transport-4.1.30.Final.jar:4.1.30.Final]
	at io.netty.channel.AbstractChannelHandlerContext.invokeChannelRead(AbstractChannelHandlerContext.java:348) [netty-transport-4.1.30.Final.jar:4.1.30.Final]
	at io.netty.channel.AbstractChannelHandlerContext.fireChannelRead(AbstractChannelHandlerContext.java:340) [netty-transport-4.1.30.Final.jar:4.1.30.Final]
	at io.netty.channel.DefaultChannelPipeline$HeadContext.channelRead(DefaultChannelPipeline.java:1434) [netty-transport-4.1.30.Final.jar:4.1.30.Final]
	at io.netty.channel.AbstractChannelHandlerContext.invokeChannelRead(AbstractChannelHandlerContext.java:362) [netty-transport-4.1.30.Final.jar:4.1.30.Final]
	at io.netty.channel.AbstractChannelHandlerContext.invokeChannelRead(AbstractChannelHandlerContext.java:348) [netty-transport-4.1.30.Final.jar:4.1.30.Final]
	at io.netty.channel.DefaultChannelPipeline.fireChannelRead(DefaultChannelPipeline.java:965) [netty-transport-4.1.30.Final.jar:4.1.30.Final]
	at io.netty.channel.nio.AbstractNioByteChannel$NioByteUnsafe.read(AbstractNioByteChannel.java:163) [netty-transport-4.1.30.Final.jar:4.1.30.Final]
	at io.netty.channel.nio.NioEventLoop.processSelectedKey(NioEventLoop.java:644) [netty-transport-4.1.30.Final.jar:4.1.30.Final]
	at io.netty.channel.nio.NioEventLoop.processSelectedKeysPlain(NioEventLoop.java:544) [netty-transport-4.1.30.Final.jar:4.1.30.Final]
	at io.netty.channel.nio.NioEventLoop.processSelectedKeys(NioEventLoop.java:498) [netty-transport-4.1.30.Final.jar:4.1.30.Final]
	at io.netty.channel.nio.NioEventLoop.run(NioEventLoop.java:458) [netty-transport-4.1.30.Final.jar:4.1.30.Final]
	at io.netty.util.concurrent.SingleThreadEventExecutor$5.run(SingleThreadEventExecutor.java:897) [netty-common-4.1.30.Final.jar:4.1.30.Final]
	at java.lang.Thread.run(Thread.java:748) [?:1.8.0_161]
